<?xml version="1.0" encoding="UTF-8"?>
<testsuite xmlns:xsi="http://www.w3.org/2001/XMLSchema-instance" xsi:noNamespaceSchemaLocation="https://maven.apache.org/surefire/maven-surefire-plugin/xsd/surefire-test-report.xsd" name="org.pl.model.ClientTypeTest" time="0.262" tests="10" errors="0" skipped="0" failures="0">
  <properties>
[...]
</properties>
  <testcase name="fieldMaxRepairsPositiveTest" classname="org.pl.model.ClientTypeTest" time="0.074"/>
  <testcase name="fieldMaxRepairsNegativeTest" classname="org.pl.model.ClientTypeTest" time="0.026"/>
  <testcase name="equalsPositiveTest" classname="org.pl.model.ClientTypeTest" time="0.009"/>
  <testcase name="equalsNegativeTest" classname="org.pl.model.ClientTypeTest" time="0.009"/>
  <testcase name="fieldTypeNamePositiveTest" classname="org.pl.model.ClientTypeTest" time="0.025"/>
  <testcase name="fieldTypeNameNegativeTest" classname="org.pl.model.ClientTypeTest" time="0.026"/>
  <testcase name="fieldFactorPositiveTest" classname="org.pl.model.ClientTypeTest" time="0.045"/>
  <testcase name="fieldFactorNegativeTest" classname="org.pl.model.ClientTypeTest" time="0.019"/>
  <testcase name="calculateDiscountPositiveTest" classname="org.pl.model.ClientTypeTest" time="0.007"/>
  <testcase name="calculateDiscountNegativeTest" classname="org.pl.model.ClientTypeTest" time="0.009"/>
</testsuite>